android/app/build/intermediates/manifest_merge_blame_file/debug/manifest-merger-blame-debug-report.txt
1<?xml version="1.0" encoding="utf-8"?>
2<manifest xmlns:android="http://schemas.android.com/apk/res/android"
3    package="com.fitpulse.app"
4    android:versionCode="1"
5    android:versionName="1.0.0" >
6
7    <uses-sdk
8        android:minSdkVersion="26"
9        android:targetSdkVersion="34" />
10
11    <uses-permission android:name="android.permission.VIBRATE" />
11-->src\main\AndroidManifest.xml:4:5-66
11-->src\main\AndroidManifest.xml:4:22-63
12    <uses-permission android:name="android.permission.FOREGROUND_SERVICE" />
12-->src\main\AndroidManifest.xml:5:5-77
12-->src\main\AndroidManifest.xml:5:22-74
13    <uses-permission android:name="android.permission.POST_NOTIFICATIONS" />
13-->src\main\AndroidManifest.xml:6:5-77
13-->src\main\AndroidManifest.xml:6:22-74
14
15    <permission
15-->[androidx.core:core:1.12.0] AndroidManifest.xml:22:5-24:47
16        android:name="com.fitpulse.app.DYNAMIC_RECEIVER_NOT_EXPORTED_PERMISSION"
16-->[androidx.core:core:1.12.0] AndroidManifest.xml:23:9-81
17        android:protectionLevel="signature" />
17-->[androidx.core:core:1.12.0] AndroidManifest.xml:24:9-44
18
19    <uses-permission android:name="com.fitpulse.app.DYNAMIC_RECEIVER_NOT_EXPORTED_PERMISSION" />
19-->[androidx.core:core:1.12.0] AndroidManifest.xml:26:5-97
19-->[androidx.core:core:1.12.0] AndroidManifest.xml:26:22-94
20
21    <application
21-->src\main\AndroidManifest.xml:8:5-32:19
22        android:name="com.fitpulse.app.FitPulseApplication"
22-->src\main\AndroidManifest.xml:9:9-44
23        android:allowBackup="true"
23-->src\main\AndroidManifest.xml:10:9-35
24        android:appComponentFactory="androidx.core.app.CoreComponentFactory"
24-->[androidx.core:core:1.12.0] AndroidManifest.xml:28:18-86
25        android:debuggable="true"
26        android:extractNativeLibs="false"
27        android:icon="@android:drawable/ic_dialog_info"
27-->src\main\AndroidManifest.xml:11:9-56
28        android:label="@string/app_name"
28-->src\main\AndroidManifest.xml:12:9-41
29        android:roundIcon="@android:drawable/ic_dialog_info"
29-->src\main\AndroidManifest.xml:13:9-61
30        android:supportsRtl="true"
30-->src\main\AndroidManifest.xml:14:9-35
31        android:theme="@style/Theme.FitPulse" >
31-->src\main\AndroidManifest.xml:15:9-46
32        <activity
32-->src\main\AndroidManifest.xml:17:9-26:20
33            android:name="com.fitpulse.app.MainActivity"
33-->src\main\AndroidManifest.xml:18:13-41
34            android:exported="true"
34-->src\main\AndroidManifest.xml:19:13-36
35            android:theme="@style/Theme.FitPulse"
35-->src\main\AndroidManifest.xml:21:13-50
36            android:windowSoftInputMode="adjustResize" >
36-->src\main\AndroidManifest.xml:20:13-55
37            <intent-filter>
37-->src\main\AndroidManifest.xml:22:13-25:29
38                <action android:name="android.intent.action.MAIN" />
38-->src\main\AndroidManifest.xml:23:17-69
38-->src\main\AndroidManifest.xml:23:25-66
39
40                <category android:name="android.intent.category.LAUNCHER" />
40-->src\main\AndroidManifest.xml:24:17-77
40-->src\main\AndroidManifest.xml:24:27-74
41            </intent-filter>
42        </activity>
43
44        <service
44-->src\main\AndroidManifest.xml:28:9-31:58
45            android:name="com.fitpulse.app.service.WorkoutTimerService"
45-->src\main\AndroidManifest.xml:29:13-56
46            android:exported="false"
46-->src\main\AndroidManifest.xml:30:13-37
47            android:foregroundServiceType="specialUse" />
47-->src\main\AndroidManifest.xml:31:13-55
48
49        <activity
49-->[androidx.compose.ui:ui-test-manifest:1.6.1] AndroidManifest.xml:23:9-25:39
50            android:name="androidx.activity.ComponentActivity"
50-->[androidx.compose.ui:ui-test-manifest:1.6.1] AndroidManifest.xml:24:13-63
51            android:exported="true" />
51-->[androidx.compose.ui:ui-test-manifest:1.6.1] AndroidManifest.xml:25:13-36
52        <activity
52-->[androidx.compose.ui:ui-tooling-android:1.6.1] AndroidManifest.xml:23:9-25:39
53            android:name="androidx.compose.ui.tooling.PreviewActivity"
53-->[androidx.compose.ui:ui-tooling-android:1.6.1] AndroidManifest.xml:24:13-71
54            android:exported="true" />
54-->[androidx.compose.ui:ui-tooling-android:1.6.1] AndroidManifest.xml:25:13-36
55
56        <provider
56-->[androidx.emoji2:emoji2:1.3.0] AndroidManifest.xml:24:9-32:20
57            android:name="androidx.startup.InitializationProvider"
57-->[androidx.emoji2:emoji2:1.3.0] AndroidManifest.xml:25:13-67
58            android:authorities="com.fitpulse.app.androidx-startup"
58-->[androidx.emoji2:emoji2:1.3.0] AndroidManifest.xml:26:13-68
59            android:exported="false" >
59-->[androidx.emoji2:emoji2:1.3.0] AndroidManifest.xml:27:13-37
60            <meta-data
60-->[androidx.emoji2:emoji2:1.3.0] AndroidManifest.xml:29:13-31:52
61                android:name="androidx.emoji2.text.EmojiCompatInitializer"
61-->[androidx.emoji2:emoji2:1.3.0] AndroidManifest.xml:30:17-75
62                android:value="androidx.startup" />
62-->[androidx.emoji2:emoji2:1.3.0] AndroidManifest.xml:31:17-49
63            <meta-data
63-->[androidx.lifecycle:lifecycle-process:2.7.0] AndroidManifest.xml:29:13-31:52
64                android:name="androidx.lifecycle.ProcessLifecycleInitializer"
64-->[androidx.lifecycle:lifecycle-process:2.7.0] AndroidManifest.xml:30:17-78
65                android:value="androidx.startup" />
65-->[androidx.lifecycle:lifecycle-process:2.7.0] AndroidManifest.xml:31:17-49
66            <meta-data
66-->[androidx.profileinstaller:profileinstaller:1.3.0] AndroidManifest.xml:29:13-31:52
67                android:name="androidx.profileinstaller.ProfileInstallerInitializer"
67-->[androidx.profileinstaller:profileinstaller:1.3.0] AndroidManifest.xml:30:17-85
68                android:value="androidx.startup" />
68-->[androidx.profileinstaller:profileinstaller:1.3.0] AndroidManifest.xml:31:17-49
69        </provider>
70
71        <service
71-->[androidx.room:room-runtime:2.6.1] AndroidManifest.xml:24:9-28:63
72            android:name="androidx.room.MultiInstanceInvalidationService"
72-->[androidx.room:room-runtime:2.6.1] AndroidManifest.xml:25:13-74
73            android:directBootAware="true"
73-->[androidx.room:room-runtime:2.6.1] AndroidManifest.xml:26:13-43
74            android:exported="false" />
74-->[androidx.room:room-runtime:2.6.1] AndroidManifest.xml:27:13-37
75
76        <receiver
76-->[androidx.profileinstaller:profileinstaller:1.3.0] AndroidManifest.xml:34:9-52:20
77            android:name="androidx.profileinstaller.ProfileInstallReceiver"
77-->[androidx.profileinstaller:profileinstaller:1.3.0] AndroidManifest.xml:35:13-76
78            android:directBootAware="false"
78-->[androidx.profileinstaller:profileinstaller:1.3.0] AndroidManifest.xml:36:13-44
79            android:enabled="true"
79-->[androidx.profileinstaller:profileinstaller:1.3.0] AndroidManifest.xml:37:13-35
80            android:exported="true"
80-->[androidx.profileinstaller:profileinstaller:1.3.0] AndroidManifest.xml:38:13-36
81            android:permission="android.permission.DUMP" >
81-->[androidx.profileinstaller:profileinstaller:1.3.0] AndroidManifest.xml:39:13-57
82            <intent-filter>
82-->[androidx.profileinstaller:profileinstaller:1.3.0] AndroidManifest.xml:40:13-42:29
83                <action android:name="androidx.profileinstaller.action.INSTALL_PROFILE" />
83-->[androidx.profileinstaller:profileinstaller:1.3.0] AndroidManifest.xml:41:17-91
83-->[androidx.profileinstaller:profileinstaller:1.3.0] AndroidManifest.xml:41:25-88
84            </intent-filter>
85            <intent-filter>
85-->[androidx.profileinstaller:profileinstaller:1.3.0] AndroidManifest.xml:43:13-45:29
86                <action android:name="androidx.profileinstaller.action.SKIP_FILE" />
86-->[androidx.profileinstaller:profileinstaller:1.3.0] AndroidManifest.xml:44:17-85
86-->[androidx.profileinstaller:profileinstaller:1.3.0] AndroidManifest.xml:44:25-82
87            </intent-filter>
88            <intent-filter>
88-->[androidx.profileinstaller:profileinstaller:1.3.0] AndroidManifest.xml:46:13-48:29
89                <action android:name="androidx.profileinstaller.action.SAVE_PROFILE" />
89-->[androidx.profileinstaller:profileinstaller:1.3.0] AndroidManifest.xml:47:17-88
89-->[androidx.profileinstaller:profileinstaller:1.3.0] AndroidManifest.xml:47:25-85
90            </intent-filter>
91            <intent-filter>
91-->[androidx.profileinstaller:profileinstaller:1.3.0] AndroidManifest.xml:49:13-51:29
92                <action android:name="androidx.profileinstaller.action.BENCHMARK_OPERATION" />
92-->[androidx.profileinstaller:profileinstaller:1.3.0] AndroidManifest.xml:50:17-95
92-->[androidx.profileinstaller:profileinstaller:1.3.0] AndroidManifest.xml:50:25-92
93            </intent-filter>
94        </receiver>
95    </application>
96
97</manifest>